[02:43:46] [ServerMain/INFO]: [bootstrap] Running Java 21 (OpenJDK 64-Bit Server VM 21.0.5+11-Ubuntu-1ubuntu120.04; Ubuntu null) on Linux 6.5.0-1025-azure (amd64)
[02:43:46] [ServerMain/INFO]: [bootstrap] Loading Paper 1.21.1-57-master@b483da4 (2024-09-01T18:09:05Z) for Minecraft 1.21.1
[02:43:46] [ServerMain/INFO]: [PluginInitializerManager] Initializing plugins...
[02:43:47] [ServerMain/INFO]: [PluginInitializerManager] Initialized 1 plugin
[02:43:47] [ServerMain/INFO]: [PluginInitializerManager] Bukkit plugins (1):
 - Geyser-Spigot (2.6.0-SNAPSHOT)
[02:43:51] [ServerMain/INFO]: Environment: Environment[sessionHost=https://sessionserver.mojang.com, servicesHost=https://api.minecraftservices.com, name=PROD]
[02:43:53] [ServerMain/INFO]: Loaded 1290 recipes
[02:43:53] [ServerMain/INFO]: Loaded 1399 advancements
[02:43:54] [Server thread/INFO]: Starting minecraft server version 1.21.1
[02:43:54] [Server thread/INFO]: Loading properties
[02:43:54] [Server thread/INFO]: This server is running Paper version 1.21.1-57-master@b483da4 (2024-09-01T18:09:05Z) (Implementing API version 1.21.1-R0.1-SNAPSHOT)
[02:43:54] [Server thread/INFO]: [spark] This server bundles the spark profiler. For more information please visit https://docs.papermc.io/paper/profiling
[02:43:54] [Server thread/INFO]: Server Ping Player Sample Count: 12
[02:43:54] [Server thread/INFO]: Using 4 threads for Netty based IO
[02:43:55] [Server thread/INFO]: [ChunkTaskScheduler] Chunk system is using 1 I/O threads, 1 worker threads, and population gen parallelism of 1 threads
[02:43:55] [Server thread/INFO]: Default game type: SURVIVAL
[02:43:55] [Server thread/INFO]: Generating keypair
[02:43:55] [Server thread/INFO]: Starting Minecraft server on *:25565
[02:43:55] [Server thread/INFO]: Using epoll channel type
[02:43:56] [Server thread/INFO]: Paper: Using libdeflate (Linux x86_64) compression from Velocity.
[02:43:56] [Server thread/INFO]: Paper: Using OpenSSL 1.1.x (Linux x86_64) cipher from Velocity.
[02:43:56] [Server thread/INFO]: [Geyser-Spigot] Loading server plugin Geyser-Spigot v2.6.0-SNAPSHOT
[02:43:59] [Server thread/INFO]: [Geyser-Spigot] Loading extensions...
[02:43:59] [Server thread/INFO]: [Geyser-Spigot] Loaded 0 extension(s)
[02:43:59] [Server thread/INFO]: Server permissions file permissions.yml is empty, ignoring it
[02:43:59] [Server thread/WARN]: **** SERVER IS RUNNING IN OFFLINE/INSECURE MODE!
[02:43:59] [Server thread/WARN]: The server will make no attempt to authenticate usernames. Beware.
[02:43:59] [Server thread/WARN]: While this makes the game possible to play without internet access, it also opens up the ability for hackers to connect with any username they choose.
[02:43:59] [Server thread/WARN]: To change this, set "online-mode" to "true" in the server.properties file.
[02:43:59] [Server thread/INFO]: Preparing level "world"
[02:43:59] [Server thread/INFO]: Preparing start region for dimension minecraft:overworld
[02:44:00] [Server thread/INFO]: Time elapsed: 1137 ms
[02:44:00] [Server thread/INFO]: Preparing start region for dimension minecraft:the_nether
[02:44:00] [Server thread/INFO]: Time elapsed: 151 ms
[02:44:00] [Server thread/INFO]: Preparing start region for dimension minecraft:the_end
[02:44:00] [Server thread/INFO]: Time elapsed: 195 ms
[02:44:00] [Server thread/INFO]: [Geyser-Spigot] Enabling Geyser-Spigot v2.6.0-SNAPSHOT
[02:44:01] [Server thread/INFO]: [spark] Starting background profiler...
[02:44:02] [Server thread/INFO]: [Geyser-Spigot] ******************************************
[02:44:02] [Server thread/INFO]: [Geyser-Spigot] 
[02:44:02] [Server thread/INFO]: [Geyser-Spigot] Loading Geyser version 2.6.0-b739 (git-master-623ec2b)
[02:44:02] [Server thread/INFO]: [Geyser-Spigot] 
[02:44:02] [Server thread/INFO]: [Geyser-Spigot] ******************************************
[02:44:09] [epollEventLoopGroup-3-2/INFO]: [Geyser-Spigot] Started Geyser on UDP port 25565
[02:44:09] [Server thread/INFO]: [Geyser-Spigot] Done (7.484s)! Run /geyser help for help!
[02:44:09] [Server thread/WARN]: [Geyser-Spigot] Your server software does not support the Java version that Geyser requires (1.21.4). Please install ViaVersion (https://ci.viaversion.com/job/ViaVersion/) or update your server software!
[02:44:09] [Server thread/INFO]: Done preparing level "world" (10.647s)
[02:44:09] [Server thread/INFO]: Running delayed init tasks
[02:44:09] [Server thread/INFO]: Done (23.783s)! For help, type "help"
[02:44:09] [Server thread/INFO]: Timings Reset
[02:45:50] [User Authenticator #0/INFO]: UUID of player tr4ck3r_ is c4c6cbae-3989-38b2-8fb0-89b31121c6e9
[02:45:54] [Server thread/INFO]: tr4ck3r_ joined the game
[02:45:54] [Server thread/INFO]: tr4ck3r_[/[0:0:0:0:0:0:0:1%0]:54706] logged in with entity id 18 at ([world]3.796376022865426, 80.0, 27.24154144796678)
[02:46:53] [Server thread/INFO]: tr4ck3r_ lost connection: Timed out
[02:46:53] [Server thread/INFO]: tr4ck3r_ left the game
